
> tn-intel@1.0.0 seed
> npx tsx scripts/seed-counties.ts

Seeding 95 Tennessee counties...
[1/95] Processing Anderson...
  ✓ Anderson (MRX)
[2/95] Processing Bedford...
  ✓ Bedford (OHX)
[3/95] Processing Benton...
  ✓ Benton (MEG)
[4/95] Processing Bledsoe...
  ✓ Bledsoe (MRX)
[5/95] Processing Blount...
  ✓ Blount (MRX)
[6/95] Processing Bradley...
  ✓ Bradley (MRX)
[7/95] Processing Campbell...
  ✓ Campbell (MRX)
[8/95] Processing Cannon...
  ✓ Cannon (OHX)
[9/95] Processing Carroll...
  ✓ Carroll (MEG)
[10/95] Processing Carter...
  ✓ Carter (MRX)
[11/95] Processing Cheatham...
  ✓ Cheatham (OHX)
[12/95] Processing Chester...
  ✓ Chester (MEG)
[13/95] Processing Claiborne...
  ✓ Claiborne (MRX)
[14/95] Processing Clay...
  ✓ Clay (OHX)
[15/95] Processing Cocke...
  ✓ Cocke (MRX)
[16/95] Processing Coffee...
  ✓ Coffee (OHX)
[17/95] Processing Crockett...
  ✓ Crockett (MEG)
[18/95] Processing Cumberland...
  ✓ Cumberland (OHX)
[19/95] Processing Davidson...
  ✓ Davidson (OHX)
[20/95] Processing Decatur...
  ✓ Decatur (MEG)
[21/95] Processing DeKalb...
  ✓ DeKalb (OHX)
[22/95] Processing Dickson...
  ✓ Dickson (OHX)
[23/95] Processing Dyer...
  ✓ Dyer (MEG)
[24/95] Processing Fayette...
  ✓ Fayette (MEG)
[25/95] Processing Fentress...
  ✓ Fentress (OHX)
[26/95] Processing Franklin...
  ✓ Franklin (HUN)
[27/95] Processing Gibson...
  ✓ Gibson (MEG)
[28/95] Processing Giles...
  ✓ Giles (OHX)
[29/95] Processing Grainger...
  ✓ Grainger (MRX)
[30/95] Processing Greene...
  ✓ Greene (MRX)
[31/95] Processing Grundy...
  ✓ Grundy (OHX)
[32/95] Processing Hamblen...
  ✓ Hamblen (MRX)
[33/95] Processing Hamilton...
  ✓ Hamilton (MRX)
[34/95] Processing Hancock...
  ✓ Hancock (MRX)
[35/95] Processing Hardeman...
  ✓ Hardeman (MEG)
[36/95] Processing Hardin...
  ✓ Hardin (MEG)
[37/95] Processing Hawkins...
  ✓ Hawkins (MRX)
[38/95] Processing Haywood...
  ✓ Haywood (MEG)
[39/95] Processing Henderson...
  ✓ Henderson (MEG)
[40/95] Processing Henry...
  ✓ Henry (MEG)
[41/95] Processing Hickman...
  ✓ Hickman (OHX)
[42/95] Processing Houston...
  ✓ Houston (OHX)
[43/95] Processing Humphreys...
  ✓ Humphreys (OHX)
[44/95] Processing Jackson...
  ✓ Jackson (OHX)
[45/95] Processing Jefferson...
  ✓ Jefferson (MRX)
[46/95] Processing Johnson...
  ✓ Johnson (MRX)
[47/95] Processing Knox...
  ✓ Knox (MRX)
[48/95] Processing Lake...
  ✓ Lake (MEG)
[49/95] Processing Lauderdale...
  ✓ Lauderdale (MEG)
[50/95] Processing Lawrence...
  ✓ Lawrence (OHX)
[51/95] Processing Lewis...
  ✓ Lewis (OHX)
[52/95] Processing Lincoln...
  ✓ Lincoln (HUN)
[53/95] Processing Loudon...
  ✓ Loudon (MRX)
[54/95] Processing McMinn...
  ✓ McMinn (MRX)
[55/95] Processing McNairy...
  ✓ McNairy (MEG)
[56/95] Processing Macon...
  ✓ Macon (OHX)
[57/95] Processing Madison...
  ✓ Madison (MEG)
[58/95] Processing Marion...
  ✓ Marion (MRX)
[59/95] Processing Marshall...
  ✓ Marshall (OHX)
[60/95] Processing Maury...
  ✓ Maury (OHX)
[61/95] Processing Meigs...
  ✓ Meigs (MRX)
[62/95] Processing Monroe...
  ✓ Monroe (MRX)
[63/95] Processing Montgomery...
  ✓ Montgomery (OHX)
[64/95] Processing Moore...
  ✓ Moore (HUN)
[65/95] Processing Morgan...
  ✓ Morgan (MRX)
[66/95] Processing Obion...
  ✓ Obion (MEG)
[67/95] Processing Overton...
  ✓ Overton (OHX)
[68/95] Processing Perry...
  ✓ Perry (OHX)
[69/95] Processing Pickett...
  ✓ Pickett (OHX)
[70/95] Processing Polk...
  ✓ Polk (MRX)
[71/95] Processing Putnam...
  ✓ Putnam (OHX)
[72/95] Processing Rhea...
  ✓ Rhea (MRX)
[73/95] Processing Roane...
  ✓ Roane (MRX)
[74/95] Processing Robertson...
  ✓ Robertson (OHX)
[75/95] Processing Rutherford...
  ✓ Rutherford (OHX)
[76/95] Processing Scott...
  ✓ Scott (MRX)
[77/95] Processing Sequatchie...
  ✓ Sequatchie (MRX)
[78/95] Processing Sevier...
  ✓ Sevier (MRX)
[79/95] Processing Shelby...
  ✓ Shelby (MEG)
[80/95] Processing Smith...
  ✓ Smith (OHX)
[81/95] Processing Stewart...
  ✓ Stewart (OHX)
[82/95] Processing Sullivan...
  ✓ Sullivan (MRX)
[83/95] Processing Sumner...
  ✓ Sumner (OHX)
[84/95] Processing Tipton...
  ✓ Tipton (MEG)
[85/95] Processing Trousdale...
  ✓ Trousdale (OHX)
[86/95] Processing Unicoi...
  ✓ Unicoi (MRX)
[87/95] Processing Union...
  ✓ Union (MRX)
[88/95] Processing Van Buren...
  ✓ Van Buren (OHX)
[89/95] Processing Warren...
  ✓ Warren (OHX)
[90/95] Processing Washington...
  ✓ Washington (MRX)
[91/95] Processing Wayne...
  ✓ Wayne (OHX)
[92/95] Processing Weakley...
  ✓ Weakley (MEG)
[93/95] Processing White...
  ✓ White (OHX)
[94/95] Processing Williamson...
  ✓ Williamson (OHX)
[95/95] Processing Wilson...
  ✓ Wilson (OHX)

Seeding complete!
